mode: set
github.com/trcwrx78/bookings/internal/handlers/handlers.go:24.47,28.2 1 1
github.com/trcwrx78/bookings/internal/handlers/handlers.go:31.33,33.2 1 1
github.com/trcwrx78/bookings/internal/handlers/handlers.go:36.67,41.2 3 1
github.com/trcwrx78/bookings/internal/handlers/handlers.go:44.68,56.2 5 1
github.com/trcwrx78/bookings/internal/handlers/handlers.go:59.73,68.2 4 1
github.com/trcwrx78/bookings/internal/handlers/handlers.go:71.77,73.16 2 1
github.com/trcwrx78/bookings/internal/handlers/handlers.go:78.2,91.19 6 1
github.com/trcwrx78/bookings/internal/handlers/handlers.go:102.2,104.66 2 1
github.com/trcwrx78/bookings/internal/handlers/handlers.go:73.16,76.3 2 0
github.com/trcwrx78/bookings/internal/handlers/handlers.go:91.19,100.3 4 0
github.com/trcwrx78/bookings/internal/handlers/handlers.go:109.70,111.2 1 1
github.com/trcwrx78/bookings/internal/handlers/handlers.go:114.68,116.2 1 1
github.com/trcwrx78/bookings/internal/handlers/handlers.go:119.74,121.2 1 1
github.com/trcwrx78/bookings/internal/handlers/handlers.go:124.78,131.2 3 1
github.com/trcwrx78/bookings/internal/handlers/handlers.go:139.78,146.16 3 1
github.com/trcwrx78/bookings/internal/handlers/handlers.go:150.2,151.14 2 1
github.com/trcwrx78/bookings/internal/handlers/handlers.go:146.16,148.3 1 0
github.com/trcwrx78/bookings/internal/handlers/handlers.go:155.69,157.2 1 1
github.com/trcwrx78/bookings/internal/handlers/handlers.go:160.80,162.9 2 1
github.com/trcwrx78/bookings/internal/handlers/handlers.go:169.2,176.4 4 0
github.com/trcwrx78/bookings/internal/handlers/handlers.go:162.9,167.3 4 1
