mode: set
github.com/trcwrx78/bookings/internal/handlers/handlers.go:32.62,37.2 1 0
github.com/trcwrx78/bookings/internal/handlers/handlers.go:40.51,45.2 1 1
github.com/trcwrx78/bookings/internal/handlers/handlers.go:48.33,50.2 1 1
github.com/trcwrx78/bookings/internal/handlers/handlers.go:53.67,55.2 1 1
github.com/trcwrx78/bookings/internal/handlers/handlers.go:58.68,61.2 1 1
github.com/trcwrx78/bookings/internal/handlers/handlers.go:64.73,66.9 2 1
github.com/trcwrx78/bookings/internal/handlers/handlers.go:72.2,73.16 2 1
github.com/trcwrx78/bookings/internal/handlers/handlers.go:79.2,97.4 10 1
github.com/trcwrx78/bookings/internal/handlers/handlers.go:66.9,70.3 3 1
github.com/trcwrx78/bookings/internal/handlers/handlers.go:73.16,77.3 3 1
github.com/trcwrx78/bookings/internal/handlers/handlers.go:101.77,103.9 2 0
github.com/trcwrx78/bookings/internal/handlers/handlers.go:108.2,109.16 2 0
github.com/trcwrx78/bookings/internal/handlers/handlers.go:114.2,125.19 9 0
github.com/trcwrx78/bookings/internal/handlers/handlers.go:136.2,137.16 2 0
github.com/trcwrx78/bookings/internal/handlers/handlers.go:142.2,151.16 3 0
github.com/trcwrx78/bookings/internal/handlers/handlers.go:156.2,158.66 2 0
github.com/trcwrx78/bookings/internal/handlers/handlers.go:103.9,106.3 2 0
github.com/trcwrx78/bookings/internal/handlers/handlers.go:109.16,112.3 2 0
github.com/trcwrx78/bookings/internal/handlers/handlers.go:125.19,134.3 4 0
github.com/trcwrx78/bookings/internal/handlers/handlers.go:137.16,140.3 2 0
github.com/trcwrx78/bookings/internal/handlers/handlers.go:151.16,154.3 2 0
github.com/trcwrx78/bookings/internal/handlers/handlers.go:163.70,165.2 1 1
github.com/trcwrx78/bookings/internal/handlers/handlers.go:168.68,170.2 1 1
github.com/trcwrx78/bookings/internal/handlers/handlers.go:173.74,175.2 1 1
github.com/trcwrx78/bookings/internal/handlers/handlers.go:178.78,184.16 5 0
github.com/trcwrx78/bookings/internal/handlers/handlers.go:188.2,189.16 2 0
github.com/trcwrx78/bookings/internal/handlers/handlers.go:194.2,195.16 2 0
github.com/trcwrx78/bookings/internal/handlers/handlers.go:202.2,202.21 1 0
github.com/trcwrx78/bookings/internal/handlers/handlers.go:209.2,221.4 5 0
github.com/trcwrx78/bookings/internal/handlers/handlers.go:184.16,187.3 2 0
github.com/trcwrx78/bookings/internal/handlers/handlers.go:189.16,192.3 2 0
github.com/trcwrx78/bookings/internal/handlers/handlers.go:195.16,198.3 2 0
github.com/trcwrx78/bookings/internal/handlers/handlers.go:202.21,207.3 3 0
github.com/trcwrx78/bookings/internal/handlers/handlers.go:232.78,252.16 10 0
github.com/trcwrx78/bookings/internal/handlers/handlers.go:257.2,258.14 2 0
github.com/trcwrx78/bookings/internal/handlers/handlers.go:252.16,255.3 2 0
github.com/trcwrx78/bookings/internal/handlers/handlers.go:262.69,264.2 1 1
github.com/trcwrx78/bookings/internal/handlers/handlers.go:267.80,269.9 2 0
github.com/trcwrx78/bookings/internal/handlers/handlers.go:276.2,290.4 9 0
github.com/trcwrx78/bookings/internal/handlers/handlers.go:269.9,274.3 4 0
github.com/trcwrx78/bookings/internal/handlers/handlers.go:294.74,296.16 2 0
github.com/trcwrx78/bookings/internal/handlers/handlers.go:303.2,304.9 2 0
github.com/trcwrx78/bookings/internal/handlers/handlers.go:309.2,313.63 3 0
github.com/trcwrx78/bookings/internal/handlers/handlers.go:296.16,300.3 3 0
github.com/trcwrx78/bookings/internal/handlers/handlers.go:304.9,307.3 2 0
github.com/trcwrx78/bookings/internal/handlers/handlers.go:317.72,330.16 9 0
github.com/trcwrx78/bookings/internal/handlers/handlers.go:335.2,342.63 6 0
github.com/trcwrx78/bookings/internal/handlers/handlers.go:330.16,333.3 2 0
